1503.1
Flor232
FlorPanc27
Giunta
ModD4
Pet1505
Pet1515
Pet1519
SGall463
VatS41-13

Start Matrix
------
0	256	101	143	143	136	136	148	26	147	
256	0	260	244	322	247	246	249	252	309	
101	260	0	124	125	118	119	121	108	83	
143	244	124	0	32	2	3	7	142	141	
143	322	125	32	0	30	31	35	153	142	
136	247	118	2	30	0	1	5	137	139	
136	246	119	3	31	1	0	6	138	139	
148	249	121	7	35	5	6	0	139	142	
26	252	108	142	153	137	138	139	0	152	
147	309	83	141	142	139	139	142	152	0	

Tree Matrix
------
0	253.3125	128.3244	133.50417	155.67083	131.41042	132.14479	135.74896	26	155.46726	
253.3125	0	255.34524	260.525	282.69167	258.43125	259.16563	262.76979	254.6875	282.4881	
128.3244	255.34524	0	113.2369	135.40357	111.14315	111.87753	115.4817	129.6994	83	
133.50417	260.525	113.2369	0	32.30208	2	3.04688	7.15104	134.87917	140.37976	
155.67083	282.69167	135.40357	32.30208	0	30.20833	30.94271	34.54688	157.04583	162.54643	
131.41042	258.43125	111.14315	2	30.20833	0	0.95313	5.05729	132.78542	138.28601	
132.14479	259.16563	111.87753	3.04688	30.94271	0.95313	0	5.79167	133.51979	139.02039	
135.74896	262.76979	115.4817	7.15104	34.54688	5.05729	5.79167	0	137.12396	142.62455	
26	254.6875	129.6994	134.87917	157.04583	132.78542	133.51979	137.12396	0	156.84226	
155.46726	282.4881	83	140.37976	162.54643	138.28601	139.02039	142.62455	156.84226	0	

Mimimal Branch Length + Error
------
0.04688 		0.02344

Between		And		Length
-------		---		------
1503.1		1503.1SGall463		12.3125
SGall463		1503.1SGall463		13.6875
FlorPanc27		FlorPanc27VatS41-13		27.92857
VatS41-13		FlorPanc27VatS41-13		55.07143
1503.1SGall463		1503.1SGall463Flor232		50.83333
Flor232		1503.1SGall463Flor232		190.16667
1503.1SGall463Flor232		1503.1SGall463Flor232FlorPanc27VatS41-13		11.15
FlorPanc27VatS41-13		1503.1SGall463Flor232FlorPanc27VatS41-13		26.1
1503.1SGall463Flor232FlorPanc27VatS41-13		1503.1SGall463Flor232FlorPanc27VatS41-13ModD4		54.14063
ModD4		1503.1SGall463Flor232FlorPanc27VatS41-13ModD4		27.23438
1503.1SGall463Flor232FlorPanc27VatS41-13ModD4		1503.1SGall463Flor232FlorPanc27VatS41-13ModD4Pet1519		2.61458
Pet1519		1503.1SGall463Flor232FlorPanc27VatS41-13ModD4Pet1519		4.69792
Giunta		GiuntaPet1505		2.04688
Pet1505		GiuntaPet1505		-0.04688
1503.1SGall463Flor232FlorPanc27VatS41-13ModD4Pet1519		1503.1SGall463Flor232FlorPanc27VatS41-13ModD4Pet1519Pet1515		0.25
Pet1515		1503.1SGall463Flor232FlorPanc27VatS41-13ModD4Pet1519Pet1515		0.84375
1503.1SGall463Flor232FlorPanc27VatS41-13ModD4Pet1519Pet1515		GiuntaPet1505		0.15625
