Giunta
ModD4
Pet1505
Pet1515
Pet1519
VatS41-13

Start Matrix
------
0	29	5	7	6	233	
29	0	30	32	31	213	
5	30	0	2	1	239	
7	32	2	0	3	250	
6	31	1	3	0	239	
233	213	239	250	239	0	

Tree Matrix
------
0	26.125	4.89583	8.02083	5.08333	235.875	
26.125	0	30.85417	33.97917	31.04167	213	
4.89583	30.85417	0	2	0.4375	240.60417	
8.02083	33.97917	2	0	3.5625	243.72917	
5.08333	31.04167	0.4375	3.5625	0	240.79167	
235.875	213	240.60417	243.72917	240.79167	0	

Mimimal Branch Length + Error
------
0.08333 		0.04167

Between		And		Length
-------		---		------
ModD4		ModD4VatS41-13		1.625
VatS41-13		ModD4VatS41-13		211.375
Giunta		GiuntaModD4VatS41-13		0.08333
ModD4VatS41-13		GiuntaModD4VatS41-13		24.41667
Pet1505		Pet1505Pet1515		-0.5625
Pet1515		Pet1505Pet1515		2.5625
GiuntaModD4VatS41-13		GiuntaModD4VatS41-13Pet1519		4.6875
Pet1519		GiuntaModD4VatS41-13Pet1519		0.3125
GiuntaModD4VatS41-13Pet1519		Pet1505Pet1515		0.6875
