Giunta
ModD4
Pet1505
Pet1515
Pet1519
VatS41-13

Start Matrix
------
0	28	5	7	6	213	
28	0	29	31	30	195	
5	29	0	2	1	214	
7	31	2	0	3	214	
6	30	1	3	0	215	
213	195	214	214	215	0	

Tree Matrix
------
0	28.25	5.16667	6.66667	6.16667	212.75	
28.25	0	29.08333	30.58333	30.08333	195	
5.16667	29.08333	0	2	1	213.58333	
6.66667	30.58333	2	0	3	215.08333	
6.16667	30.08333	1	3	0	214.58333	
212.75	195	213.58333	215.08333	214.58333	0	

Mimimal Branch Length + Error
------
0.25 		0.125

Between		And		Length
-------		---		------
ModD4		ModD4VatS41-13		5.25
VatS41-13		ModD4VatS41-13		189.75
Giunta		GiuntaModD4VatS41-13		2.16667
ModD4VatS41-13		GiuntaModD4VatS41-13		20.83333
Pet1505		Pet1505Pet1519		0
Pet1519		Pet1505Pet1519		1
GiuntaModD4VatS41-13		GiuntaModD4VatS41-13Pet1515		2.75
Pet1515		GiuntaModD4VatS41-13Pet1515		1.75
GiuntaModD4VatS41-13Pet1515		Pet1505Pet1519		0.25
