1503.1
1508.3
FlorPanc27_aft
VatS41-13a
FlorPanc27_bef

Start Matrix
------
0	777	523	550	523	
777	0	449	484	453	
523	449	0	107	1	
550	484	107	0	111	
523	453	1	111	0	

Tree Matrix
------
0	777	520.5	552	523.5	
777	0	450.5	482	453.5	
520.5	450.5	0	107.5	1	
552	482	107.5	0	110.5	
523.5	453.5	1	110.5	0	

Deviation
---------
0	0	2,5	-2	-0,5
0	0	-1,5	2	-0,5
2,5	-1,5	0	-0,5	0
-2	2	-0,5	0	0,5
-0,5	-0,5	0	0,5	0


Mimimal Branch Length + Error
------
1 		0.5

Between		And		Length
-------		---		------
1503.1		1503.11508.3		423.5
1508.3		1503.11508.3		353.5
FlorPanc27_aft		FlorPanc27_aftFlorPanc27_bef		-1
FlorPanc27_bef		FlorPanc27_aftFlorPanc27_bef		2
1503.11508.3		1503.11508.3VatS41-13a		59
VatS41-13a		1503.11508.3VatS41-13a		69.5
1503.11508.3VatS41-13a		FlorPanc27_aftFlorPanc27_bef		39
