1503.1
1508.3
FlorPanc27_aft
VatS41-13a
FlorPanc27_bef

Start Matrix
------
0	850	297	301	298	
850	0	619	622	620	
297	619	0	28	1	
301	622	28	0	29	
298	620	1	29	0	

Tree Matrix
------
0	850	297.16667	300.66667	298.16667	
850	0	618.83333	622.33333	619.83333	
297.16667	618.83333	0	28	1	
300.66667	622.33333	28	0	29	
298.16667	619.83333	1	29	0	

Deviation
---------
0	0	-0,16667	0,33333	-0,16667
0	0	0,16667	-0,33333	0,16667
-0,16667	0,16667	0	0	0
0,33333	-0,33333	0	0	0
-0,16667	0,16667	0	0	0


Mimimal Branch Length + Error
------
1 		0.5

Between		And		Length
-------		---		------
1503.1		1503.11508.3		264.16667
1508.3		1503.11508.3		585.83333
FlorPanc27_aft		FlorPanc27_aftFlorPanc27_bef		0
FlorPanc27_bef		FlorPanc27_aftFlorPanc27_bef		1
1503.11508.3		1503.11508.3VatS41-13a		20.75
VatS41-13a		1503.11508.3VatS41-13a		15.75
1503.11508.3VatS41-13a		FlorPanc27_aftFlorPanc27_bef		12.25
