1503.1
1508.3
FlorPanc27_aft
VatS41-13a

Start Matrix
------
0	1014	393	417	
1014	0	764	780	
393	764	0	87	
417	780	87	0	

Tree Matrix
------
0	1014	395	415	
1014	0	762	782	
395	762	0	87	
415	782	87	0

Deviation
---------
0	0	-2	2
0	0	2	-2
-2	2	0	0
2	-2	0	0
	

Mimimal Branch Length + Error
------
33.5 		16.75

Between		And		Length
-------		---		------
1503.1		1503.11508.3		323.5
1508.3		1503.11508.3		690.5
FlorPanc27_aft		FlorPanc27_aftVatS41-13a		33.5
VatS41-13a		FlorPanc27_aftVatS41-13a		53.5
1503.11508.3		FlorPanc27_aftVatS41-13a		38
