1503.1
1508.3
FlorPanc27_aft
VatS41-13a

Start Matrix
------
0	888	465	484	
888	0	711	726	
465	711	0	102	
484	726	102	0	

Tree Matrix
------
0	888	466	483	
888	0	710	727	
466	710	0	102	
483	727	102	0	

Deviation
---------
0	0	-1	1
0	0	1	-1
-1	1	0	0
1	-1	0	0


Mimimal Branch Length + Error
------
42.5 		21.25

Between		And		Length
-------		---		------
1503.1		1503.11508.3		322
1508.3		1503.11508.3		566
FlorPanc27_aft		FlorPanc27_aftVatS41-13a		42.5
VatS41-13a		FlorPanc27_aftVatS41-13a		59.5
1503.11508.3		FlorPanc27_aftVatS41-13a		101.5
