1503.1
1508.3
FlorPanc27_aft
VatS41-13a

Start Matrix
------
0	600	317	346	
600	0	362	354	
317	362	0	30	
346	354	30	0	

Tree Matrix
------
0	600	326.25	336.75	
600	0	352.75	363.25	
326.25	352.75	0	30	
336.75	363.25	30	0	

Deviation
---------
0	0	-9,25	9,25
0	0	9,25	-9,25
-9,25	9,25	0	0
9,25	-9,25	0	0


Mimimal Branch Length + Error
------
9.75 		4.875

Between		And		Length
-------		---		------
1503.1		1503.11508.3		286.75
1508.3		1503.11508.3		313.25
FlorPanc27_aft		FlorPanc27_aftVatS41-13a		9.75
VatS41-13a		FlorPanc27_aftVatS41-13a		20.25
1503.11508.3		FlorPanc27_aftVatS41-13a		29.75
