1503.1
Giunta
ModD4
Pet1505
Pet1515
Pet1519
SGall463
VatS41-13+13a
VatS41-13a
FlorPanc27

Start Matrix
------
0	222	227	221	221	225	39	235	122	117	
222	0	37	4	5	8	218	51	125	133	
227	37	0	33	34	37	221	62	133	134	
221	4	33	0	1	4	217	47	123	131	
221	5	34	1	0	5	217	48	124	132	
225	8	37	4	5	0	219	51	127	135	
39	218	221	217	217	219	0	237	121	124	
235	51	62	47	48	51	237	0	118	144	
122	125	133	123	124	127	121	118	0	28	
117	133	134	131	132	135	124	144	28	0	

Tree Matrix
------
0	223.83943	231.57381	220.37329	221.35766	224.34985	39	226.64881	120.35714	121.5	
223.83943	0	36.60938	4.01302	4.9974	7.98958	221.83943	51.34063	124.14896	133.62515	
231.57381	36.60938	0	33.14323	34.1276	37.11979	229.57381	59.075	131.88333	141.35952	
220.37329	4.01302	33.14323	0	1	4.00781	218.37329	47.87448	120.68281	130.159	
221.35766	4.9974	34.1276	1	0	4.99219	219.35766	48.85885	121.66719	131.14338	
224.34985	7.98958	37.11979	4.00781	4.99219	0	222.34985	51.85104	124.65938	134.13557	
39	221.83943	229.57381	218.37329	219.35766	222.34985	0	224.64881	118.35714	119.5	
226.64881	51.34063	59.075	47.87448	48.85885	51.85104	224.64881	0	126.95833	136.43452	
120.35714	124.14896	131.88333	120.68281	121.66719	124.65938	118.35714	126.95833	0	30.14286	
121.5	133.62515	141.35952	130.159	131.14338	134.13557	119.5	136.43452	30.14286	0	

Mimimal Branch Length + Error
------
0.00781 		0.00391

Between		And		Length
-------		---		------
1503.1		1503.1SGall463		20.5
SGall463		1503.1SGall463		18.5
1503.1SGall463		1503.1SGall463FlorPanc27		85.35714
FlorPanc27		1503.1SGall463FlorPanc27		15.64286
1503.1SGall463FlorPanc27		1503.1SGall463FlorPanc27VatS41-13a		4.16667
VatS41-13a		1503.1SGall463FlorPanc27VatS41-13a		10.33333
1503.1SGall463FlorPanc27VatS41-13a		1503.1SGall463FlorPanc27VatS41-13aVatS41-13+13a		89.55
VatS41-13+13a		1503.1SGall463FlorPanc27VatS41-13aVatS41-13+13a		27.075
1503.1SGall463FlorPanc27VatS41-13aVatS41-13+13a		1503.1SGall463FlorPanc27VatS41-13aVatS41-13+13aModD4		9.82813
ModD4		1503.1SGall463FlorPanc27VatS41-13aVatS41-13+13aModD4		22.17188
1503.1SGall463FlorPanc27VatS41-13aVatS41-13+13aModD4		1503.1SGall463FlorPanc27VatS41-13aVatS41-13+13aModD4Giunta		10.69792
Giunta		1503.1SGall463FlorPanc27VatS41-13aVatS41-13+13aModD4Giunta		3.73958
Pet1505		Pet1505Pet1515		0.00781
Pet1515		Pet1505Pet1515		0.99219
1503.1SGall463FlorPanc27VatS41-13aVatS41-13+13aModD4Giunta		1503.1SGall463FlorPanc27VatS41-13aVatS41-13+13aModD4GiuntaPet1519		0.25781
Pet1519		1503.1SGall463FlorPanc27VatS41-13aVatS41-13+13aModD4GiuntaPet1519		3.99219
1503.1SGall463FlorPanc27VatS41-13aVatS41-13+13aModD4GiuntaPet1519		Pet1505Pet1515		0.00781
