1503-1(DA)
1508-3(DA)
Panc27(DA)
VatS_TuSolus(DA)
SGall-463

Matrix------
0	268	182	166	8	
268	0	178	184	270	
182	178	0	16	201	
166	184	16	0	168	
8	270	201	168	0	

Between		And		Length
-------		---		------
1503-1(DA)		1503-1(DA)SGall-463		0.16667
SGall-463		1503-1(DA)SGall-463		7.83333
Panc27(DA)		Panc27(DA)VatS_TuSolus(DA)		12.625
VatS_TuSolus(DA)		Panc27(DA)VatS_TuSolus(DA)		3.375
1503-1(DA)SGall-463		1503-1(DA)SGall-4631508-3(DA)		129.625
1508-3(DA)		1503-1(DA)SGall-4631508-3(DA)		135.375
1503-1(DA)SGall-4631508-3(DA)		Panc27(DA)VatS_TuSolus(DA)		37.625
