1503.1
1508.3
FlorPanc27
Giunta
ModD4
Pet1505
Pet1515
Pet1519
SGall463
VatS41-13a
VatS41-13+13a

Start Matrix
------
0	169	109	155	150	152	152	155	39	127	164	
169	0	95	161	164	161	161	170	168	104	174	
109	95	0	121	124	113	114	116	119	22	133	
155	161	121	0	41	4	5	9	156	115	50	
150	164	124	41	0	37	38	42	164	136	84	
152	161	113	4	37	0	1	5	156	113	46	
152	161	114	5	38	1	0	6	154	114	47	
155	170	116	9	42	5	6	0	160	117	51	
39	168	119	156	164	156	154	160	0	137	161	
127	104	22	115	136	113	114	117	137	0	110	
164	174	133	50	84	46	47	51	161	110	0	

Tree Matrix
------
0	166.52381	119.62202	150.2599	169.22083	146.6987	147.54635	151.69089	39	120.99702	160.08333	
166.52381	0	98.8125	161.11704	180.07798	157.55584	158.4035	162.54803	171.19048	100.1875	170.94048	
119.62202	98.8125	0	114.21525	133.17619	110.65406	111.50171	115.64624	124.28869	22	124.03869	
150.2599	161.11704	114.21525	0	40.71094	4.05339	4.90104	9.04557	154.92656	115.59025	52.77656	
169.22083	180.07798	133.17619	40.71094	0	37.14974	37.9974	42.14193	173.8875	134.55119	71.7375	
146.6987	157.55584	110.65406	4.05339	37.14974	0	1.00391	5	151.36536	112.02906	49.21536	
147.54635	158.4035	111.50171	4.90104	37.9974	1.00391	0	5.99609	152.21302	112.87671	50.06302	
151.69089	162.54803	115.64624	9.04557	42.14193	5	5.99609	0	156.35755	117.02124	54.20755	
39	171.19048	124.28869	154.92656	173.8875	151.36536	152.21302	156.35755	0	125.66369	164.75	
120.99702	100.1875	22	115.59025	134.55119	112.02906	112.87671	117.02124	125.66369	0	125.41369	
160.08333	170.94048	124.03869	52.77656	71.7375	49.21536	50.06302	54.20755	164.75	125.41369	0	

Deviation
---------
0	2,47619	-10,62202	4,7401	-19,22083	5,3013	4,45365	3,30911	0	6,00298	3,91667
2,47619	0	-3,8125	-0,11704	-16,07798	3,44416	2,5965	7,45197	-3,19048	3,8125	3,05952
-10,62202	-3,8125	0	6,78475	-9,17619	2,34594	2,49829	0,35376	-5,28869	0	8,96131
4,7401	-0,11704	6,78475	0	0,28906	-0,05339	0,09896	-0,04557	1,07344	-0,59025	-2,77656
-19,22083	-16,07798	-9,17619	0,28906	0	-0,14974	0,0026	-0,14193	-9,8875	1,44881	12,2625
5,3013	3,44416	2,34594	-0,05339	-0,14974	0	-0,00391	0	4,63464	0,97094	-3,21536
4,45365	2,5965	2,49829	0,09896	0,0026	-0,00391	0	0,00391	1,78698	1,12329	-3,06302
3,30911	7,45197	0,35376	-0,04557	-0,14193	0	0,00391	0	3,64245	-0,02124	-3,20755
0	-3,19048	-5,28869	1,07344	-9,8875	4,63464	1,78698	3,64245	0	11,33631	-3,75
6,00298	3,8125	0	-0,59025	1,44881	0,97094	1,12329	-0,02124	11,33631	0	-15,41369
3,91667	3,05952	8,96131	-2,77656	12,2625	-3,21536	-3,06302	-3,20755	-3,75	-15,41369	0


Mimimal Branch Length + Error
------
0.00391 		0.00195

Between		And		Length
-------		---		------
1503.1		1503.1SGall463		17.16667
SGall463		1503.1SGall463		21.83333
FlorPanc27		FlorPanc27VatS41-13a		10.3125
VatS41-13a		FlorPanc27VatS41-13a		11.6875
1508.3		1508.3FlorPanc27VatS41-13a		72.85714
FlorPanc27VatS41-13a		1508.3FlorPanc27VatS41-13a		15.64286
1503.1SGall463		1503.1SGall4631508.3FlorPanc27VatS41-13a		60.66667
1508.3FlorPanc27VatS41-13a		1503.1SGall4631508.3FlorPanc27VatS41-13a		15.83333
1503.1SGall4631508.3FlorPanc27VatS41-13a		1503.1SGall4631508.3FlorPanc27VatS41-13aVatS41-13+13a		50.95
VatS41-13+13a		1503.1SGall4631508.3FlorPanc27VatS41-13aVatS41-13+13a		31.3
1503.1SGall4631508.3FlorPanc27VatS41-13aVatS41-13+13a		1503.1SGall4631508.3FlorPanc27VatS41-13aVatS41-13+13aModD4		10.60156
ModD4		1503.1SGall4631508.3FlorPanc27VatS41-13aVatS41-13+13aModD4		29.83594
1503.1SGall4631508.3FlorPanc27VatS41-13aVatS41-13+13aModD4		1503.1SGall4631508.3FlorPanc27VatS41-13aVatS41-13+13aModD4Giunta		7.06771
Giunta		1503.1SGall4631508.3FlorPanc27VatS41-13aVatS41-13+13aModD4Giunta		3.80729
Pet1505		Pet1505Pet1519		0.00391
Pet1519		Pet1505Pet1519		4.99609
1503.1SGall4631508.3FlorPanc27VatS41-13aVatS41-13+13aModD4Giunta		1503.1SGall4631508.3FlorPanc27VatS41-13aVatS41-13+13aModD4GiuntaPet1515		0.16797
Pet1515		1503.1SGall4631508.3FlorPanc27VatS41-13aVatS41-13+13aModD4GiuntaPet1515		0.92578
1503.1SGall4631508.3FlorPanc27VatS41-13aVatS41-13+13aModD4GiuntaPet1515		Pet1505Pet1519		0.07422
