1503.1
Flor232
FlorPanc27
Giunta
ModD4
Pet1505
Pet1515
Pet1519
SGall463
VatS41-13+13a
VatS41-13a

Start Matrix
------
0	406	93	199	198	196	197	200	27	205	104	
406	0	356	377	414	389	389	396	409	386	367	
93	356	0	117	124	117	118	120	95	122	19	
199	377	117	0	32	2	3	7	198	32	112	
198	414	124	32	0	30	31	35	201	46	127	
196	389	117	2	30	0	1	5	194	30	112	
197	389	118	3	31	1	0	6	195	31	113	
200	396	120	7	35	5	6	0	198	35	115	
27	409	95	198	201	194	195	198	0	205	102	
205	386	122	32	46	30	31	35	205	0	103	
104	367	19	112	127	112	113	115	102	103	0	

Tree Matrix
------
0	433.17609	94.05556	191.60187	208.83234	191.48078	192.41437	196.48859	27	190.73859	99.21181	
433.17609	0	356.80804	388.17578	405.40625	388.05469	388.98828	393.0625	433.06498	387.3125	353.78571	
94.05556	356.80804	0	115.23382	132.46429	115.11272	116.04632	120.12054	93.94444	114.37054	22.84375	
191.60187	388.17578	115.23382	0	30.60547	2.01953	2.95313	7.02734	191.49076	30.23828	112.2115	
208.83234	405.40625	132.46429	30.60547	0	30.48438	31.41797	35.49219	208.72123	47.46875	129.44196	
191.48078	388.05469	115.11272	2.01953	30.48438	0	0.99609	5	191.36967	30.11719	112.0904	
192.41437	388.98828	116.04632	2.95313	31.41797	0.99609	0	6.00391	192.30326	31.05078	113.024	
196.48859	393.0625	120.12054	7.02734	35.49219	5	6.00391	0	196.37748	35.125	117.09821	
27	433.06498	93.94444	191.49076	208.72123	191.36967	192.30326	196.37748	0	190.62748	99.10069	
190.73859	387.3125	114.37054	30.23828	47.46875	30.11719	31.05078	35.125	190.62748	0	111.34821	
99.21181	353.78571	22.84375	112.2115	129.44196	112.0904	113.024	117.09821	99.10069	111.34821	0	

Mimimal Branch Length + Error
------
0.00391 		0.00195

Between		And		Length
-------		---		------
1503.1		1503.1SGall463		13.55556
SGall463		1503.1SGall463		13.44444
1503.1SGall463		1503.1SGall463FlorPanc27		71.65625
FlorPanc27		1503.1SGall463FlorPanc27		8.84375
1503.1SGall463FlorPanc27		1503.1SGall463FlorPanc27VatS41-13a		4.08929
VatS41-13a		1503.1SGall463FlorPanc27VatS41-13a		9.91071
1503.1SGall463FlorPanc27VatS41-13a		1503.1SGall463FlorPanc27VatS41-13aFlor232		29
Flor232		1503.1SGall463FlorPanc27VatS41-13aFlor232		314.875
1503.1SGall463FlorPanc27VatS41-13aFlor232		1503.1SGall463FlorPanc27VatS41-13aFlor232VatS41-13+13a		57.75
VatS41-13+13a		1503.1SGall463FlorPanc27VatS41-13aFlor232VatS41-13+13a		14.6875
1503.1SGall463FlorPanc27VatS41-13aFlor232VatS41-13+13a		1503.1SGall463FlorPanc27VatS41-13aFlor232VatS41-13+13aModD4		8.86328
ModD4		1503.1SGall463FlorPanc27VatS41-13aFlor232VatS41-13+13aModD4		23.91797
1503.1SGall463FlorPanc27VatS41-13aFlor232VatS41-13+13aModD4		1503.1SGall463FlorPanc27VatS41-13aFlor232VatS41-13+13aModD4Giunta		5.61719
Giunta		1503.1SGall463FlorPanc27VatS41-13aFlor232VatS41-13+13aModD4Giunta		1.07031
Pet1505		Pet1505Pet1519		-0.00391
Pet1519		Pet1505Pet1519		5.00391
1503.1SGall463FlorPanc27VatS41-13aFlor232VatS41-13+13aModD4Giunta		1503.1SGall463FlorPanc27VatS41-13aFlor232VatS41-13+13aModD4GiuntaPet1515		0.91797
Pet1515		1503.1SGall463FlorPanc27VatS41-13aFlor232VatS41-13+13aModD4GiuntaPet1515		0.96484
1503.1SGall463FlorPanc27VatS41-13aFlor232VatS41-13+13aModD4GiuntaPet1515		Pet1505Pet1519		0.03516
