1503.1
FlorPanc27_before
FlorPanc27_after
VatS41-13a

Start Matrix
------
0	319	317	346	
319	0	1	34	
317	1	0	30	
346	34	30	0	

Tree Matrix
------
0	319.5	316.5	346	
319.5	0	1	33.5	
316.5	1	0	30.5	
346	33.5	30.5	0	

Deviation
---------
0	-0,5	0,5	0
-0,5	0	0	0,5
0,5	0	0	-0,5
0	0,5	-0,5	0


Mimimal Branch Length + Error
------
1 		0.5

Between		And		Length
-------		---		------
1503.1		1503.1VatS41-13a		316
VatS41-13a		1503.1VatS41-13a		30
FlorPanc27_before		FlorPanc27_beforeFlorPanc27_after		2
FlorPanc27_after		FlorPanc27_beforeFlorPanc27_after		-1
1503.1VatS41-13a		FlorPanc27_beforeFlorPanc27_after		1.5
