1503.1
FlorPanc27
SGall463
VatS41-13a

Start Matrix
------
0	78	244	80	
78	0	201	16	
244	201	0	168	
80	16	168	0	

Tree Matrix
------
0	78	249.25	74.75	
78	0	195.75	21.25	
249.25	195.75	0	168	
74.75	21.25	168	0	

Deviation
---------
0	0	-5,25	5,25
0	0	5,25	-5,25
-5,25	5,25	0	0
5,25	-5,25	0	0


Mimimal Branch Length + Error
------
3.25 		1.625

Between		And		Length
-------		---		------
1503.1		1503.1FlorPanc27		65.75
FlorPanc27		1503.1FlorPanc27		12.25
SGall463		SGall463VatS41-13a		171.25
VatS41-13a		SGall463VatS41-13a		-3.25
1503.1FlorPanc27		SGall463VatS41-13a		12.25
