1503.1
Flor232
FlorPanc27
Giunta
ModD4
Pet1505
Pet1515
Pet1519
SGall463
VatS41-13a
VatS41-13

Start Matrix
------
0	338	74	154	154	151	152	151	4	72	157	
338	0	295	322	344	323	322	323	338	299	306	
74	295	0	86	92	87	88	87	75	1	98	
154	322	86	0	7	1	2	2	155	85	102	
154	344	92	7	0	6	7	7	155	91	105	
151	323	87	1	6	0	1	1	152	86	101	
152	322	88	2	7	1	0	2	153	87	101	
151	323	87	2	7	1	2	0	152	86	102	
4	338	75	155	155	152	153	152	0	73	156	
72	299	1	85	91	86	87	86	73	0	99	
157	306	98	102	105	101	101	102	156	99	0	

Tree Matrix
------
0	347.59524	73.29167	151.69315	157.51086	151.22961	150.7869	151.96399	4	73.04167	145.8869	
347.59524	0	287.19643	323.51458	329.33229	323.05104	322.60833	323.78542	348.2619	286.94643	317.70833	
73.29167	287.19643	0	91.29435	97.11205	90.8308	90.3881	91.56518	73.95833	1	85.4881	
151.69315	323.51458	91.29435	0	7.27604	0.99479	1.59375	1.72917	152.35982	91.04435	101.25625	
157.51086	329.33229	97.11205	7.27604	0	6	7.41146	7.14063	158.17753	96.86205	107.07396	
151.22961	323.05104	90.8308	0.99479	6	0	1.13021	0.85938	151.89628	90.5808	100.79271	
150.7869	322.60833	90.3881	1.59375	7.41146	1.13021	0	1.86458	151.45357	90.1381	100.35	
151.96399	323.78542	91.56518	1.72917	7.14063	0.85938	1.86458	0	152.63065	91.31518	101.52708	
4	348.2619	73.95833	152.35982	158.17753	151.89628	151.45357	152.63065	0	73.70833	146.55357	
73.04167	286.94643	1	91.04435	96.86205	90.5808	90.1381	91.31518	73.70833	0	85.2381	
145.8869	317.70833	85.4881	101.25625	107.07396	100.79271	100.35	101.52708	146.55357	85.2381	0	

Mimimal Branch Length + Error
------
0.14063 		0.07031

Between		And		Length
-------		---		------
1503.1		1503.1SGall463		1.66667
SGall463		1503.1SGall463		2.33333
FlorPanc27		FlorPanc27VatS41-13a		0.625
VatS41-13a		FlorPanc27VatS41-13a		0.375
1503.1SGall463		1503.1SGall463FlorPanc27VatS41-13a		65.17857
FlorPanc27VatS41-13a		1503.1SGall463FlorPanc27VatS41-13a		5.82143
1503.1SGall463FlorPanc27VatS41-13a		1503.1SGall463FlorPanc27VatS41-13aFlor232		21.04167
Flor232		1503.1SGall463FlorPanc27VatS41-13aFlor232		259.70833
1503.1SGall463FlorPanc27VatS41-13aFlor232		1503.1SGall463FlorPanc27VatS41-13aFlor232VatS41-13		10.275
VatS41-13		1503.1SGall463FlorPanc27VatS41-13aFlor232VatS41-13		47.725
1503.1SGall463FlorPanc27VatS41-13aFlor232VatS41-13		1503.1SGall463FlorPanc27VatS41-13aFlor232VatS41-13Pet1515		52.28125
Pet1515		1503.1SGall463FlorPanc27VatS41-13aFlor232VatS41-13Pet1515		0.34375
1503.1SGall463FlorPanc27VatS41-13aFlor232VatS41-13Pet1515		1503.1SGall463FlorPanc27VatS41-13aFlor232VatS41-13Pet1515Giunta		0.52083
Giunta		1503.1SGall463FlorPanc27VatS41-13aFlor232VatS41-13Pet1515Giunta		0.72917
ModD4		ModD4Pet1505		6.14063
Pet1505		ModD4Pet1505		-0.14063
1503.1SGall463FlorPanc27VatS41-13aFlor232VatS41-13Pet1515Giunta		1503.1SGall463FlorPanc27VatS41-13aFlor232VatS41-13Pet1515GiuntaPet1519		0.20313
Pet1519		1503.1SGall463FlorPanc27VatS41-13aFlor232VatS41-13Pet1515GiuntaPet1519		0.79688
1503.1SGall463FlorPanc27VatS41-13aFlor232VatS41-13Pet1515GiuntaPet1519		ModD4Pet1505		0.20313
